#
# There is insufficient memory for the Java Runtime Environment to continue.
# Native memory allocation (mmap) failed to map 134217728 bytes for Failed to commit area from 0x0000000081a00000 to 0x0000000089a00000 of length 134217728.
# Possible reasons:
#   The system is out of physical RAM or swap space
#   The process is running with CompressedOops enabled, and the Java Heap may be blocking the growth of the native heap
# Possible solutions:
#   Reduce memory load on the system
#   Increase physical memory or swap space
#   Check if swap backing store is full
#   Decrease Java heap size (-Xmx/-Xms)
#   Decrease number of Java threads
#   Decrease Java thread stack sizes (-Xss)
#   Set larger code cache with -XX:ReservedCodeCacheSize=
#   JVM is running with Unscaled Compressed Oops mode in which the Java heap is
#     placed in the first 4GB address space. The Java Heap base address is the
#     maximum limit for the native heap growth. Please use -XX:HeapBaseMinAddress
#     to set the Java Heap base and to place the Java Heap above 4GB virtual address.
# This output file may be truncated or incomplete.
#
#  Out of Memory Error (./open/src/hotspot/os/windows/os_windows.cpp:3315), pid=21788, tid=10024
#
# JRE version:  (14.0.2+12) (build )
# Java VM: Java HotSpot(TM) 64-Bit Server VM (14.0.2+12-46, mixed mode, sharing, tiered, compressed oops, g1 gc, windows-amd64)
# No core dump will be written. Minidumps are not enabled by default on client versions of Windows
#

---------------  S U M M A R Y ------------

Command Line: -Dclassworlds.conf=D:\Programme\NetBeans-12.1\netbeans\java\maven\bin\..\bin\m2.conf -Dmaven.home=D:\Programme\NetBeans-12.1\netbeans\java\maven\bin\.. -Dlibrary.jansi.path=D:\Programme\NetBeans-12.1\netbeans\java\maven\bin\..\lib\jansi-native -Dmaven.multiModuleProjectDirectory=C:\Users\Gottl\Documents\NetBeansProjects\Exa_106_Supplierplan org.codehaus.plexus.classworlds.launcher.Launcher -Dnetbeans.deploy=true -Dmaven.ext.class.path=D:\Programme\NetBeans-12.1\netbeans\java\maven-nblib\netbeans-eventspy.jar -Dfile.encoding=UTF-8 package

Host: Intel(R) Core(TM) i5-7300HQ CPU @ 2.50GHz, 4 cores, 7G,  Windows 10 , 64 bit Build 18362 (10.0.18362.1110)
Time: Wed Nov  4 12:05:57 2020 Mitteleuropäische Zeit elapsed time: 0 seconds (0d 0h 0m 0s)

---------------  T H R E A D  ---------------

Current thread (0x0000018b786e3000):  JavaThread "Unknown thread" [_thread_in_vm, id=10024, stack(0x00000088c2800000,0x00000088c2900000)]

Stack: [0x00000088c2800000,0x00000088c2900000]
Native frames: (J=compiled Java code, j=interpreted, Vv=VM code, C=native code)
V  [jvm.dll+0x5f8a9a]
V  [jvm.dll+0x74247a]
V  [jvm.dll+0x743c2f]
V  [jvm.dll+0x744273]
V  [jvm.dll+0x20d288]
V  [jvm.dll+0x5f5dea]
V  [jvm.dll+0x5eac45]
V  [jvm.dll+0x2c7e9c]
V  [jvm.dll+0x2c7cd2]
V  [jvm.dll+0x2cdbbc]
V  [jvm.dll+0x313fe8]
V  [jvm.dll+0x313710]
V  [jvm.dll+0x2a092a]
V  [jvm.dll+0x2a1a79]
V  [jvm.dll+0x71fd48]
V  [jvm.dll+0x321c14]
V  [jvm.dll+0x70112c]
V  [jvm.dll+0x392def]
V  [jvm.dll+0x394e61]
C  [jli.dll+0x524b]
C  [ucrtbase.dll+0x210b2]
C  [KERNEL32.DLL+0x17c24]
C  [ntdll.dll+0x6cea1]


---------------  P R O C E S S  ---------------

Threads class SMR info:
_java_thread_list=0x00007ffce96d3038, length=0, elements={
}

Java Threads: ( => current thread )

Other Threads:
  0x0000018b78727000 GCTaskThread "GC Thread#0" [stack: 0x00000088c2900000,0x00000088c2a00000] [id=20748]
  0x0000018b78738800 ConcurrentGCThread "G1 Main Marker" [stack: 0x00000088c2a00000,0x00000088c2b00000] [id=20484]
  0x0000018b7873a800 ConcurrentGCThread "G1 Conc#0" [stack: 0x00000088c2b00000,0x00000088c2c00000] [id=24756]

[error occurred during error reporting (printing all threads), id 0xc0000005, EXCEPTION_ACCESS_VIOLATION (0xc0000005) at pc=0x00007ffce8f01257]

VM state:not at safepoint (not fully initialized)

VM Mutex/Monitor currently owned by a thread:  ([mutex/lock_event])
[0x0000018b786defe0] Heap_lock - owner thread: 0x0000018b786e3000

Heap address: 0x0000000081a00000, size: 2022 MB, Compressed Oops mode: 32-bit
Narrow klass base: 0x0000000000000000, Narrow klass shift: 0

GC Heap History (0 events):
No events

Deoptimization events (0 events):
No events

Classes unloaded (0 events):
No events

Classes redefined (0 events):
No events

Internal exceptions (0 events):
No events

Events (2 events):
Event: 0.005 Loaded shared library C:\Program Files\Java\jdk-14.0.2\bin\java.dll
Event: 0.006 Loaded shared library C:\Program Files\Java\jdk-14.0.2\bin\zip.dll


Dynamic libraries:
0x00007ff7e1940000 - 0x00007ff7e194f000 	C:\Program Files\Java\jdk-14.0.2\bin\java.exe
0x00007ffd370c0000 - 0x00007ffd372b0000 	C:\Windows\SYSTEM32\ntdll.dll
0x00007ffd35ef0000 - 0x00007ffd35fa2000 	C:\Windows\System32\KERNEL32.DLL
0x00007ffd34120000 - 0x00007ffd343c5000 	C:\Windows\System32\KERNELBASE.dll
0x00007ffd35050000 - 0x00007ffd3514a000 	C:\Windows\System32\ucrtbase.dll
0x00007ffd2cc00000 - 0x00007ffd2cc15000 	C:\Program Files\Java\jdk-14.0.2\bin\VCRUNTIME140.dll
0x00007ffd26190000 - 0x00007ffd261a8000 	C:\Program Files\Java\jdk-14.0.2\bin\jli.dll
0x00007ffd351d0000 - 0x00007ffd35273000 	C:\Windows\System32\ADVAPI32.dll
0x00007ffd36620000 - 0x00007ffd366be000 	C:\Windows\System32\msvcrt.dll
0x00007ffd36fe0000 - 0x00007ffd37077000 	C:\Windows\System32\sechost.dll
0x00007ffd36720000 - 0x00007ffd36840000 	C:\Windows\System32\RPCRT4.dll
0x00007ffd35ca0000 - 0x00007ffd35e34000 	C:\Windows\System32\USER32.dll
0x00007ffd34520000 - 0x00007ffd34541000 	C:\Windows\System32\win32u.dll
0x00007ffd223b0000 - 0x00007ffd22634000 	C:\Windows\WinSxS\amd64_microsoft.windows.common-controls_6595b64144ccf1df_6.0.18362.1139_none_9e7bf2d3e4605ac6\COMCTL32.dll
0x00007ffd362f0000 - 0x00007ffd36316000 	C:\Windows\System32\GDI32.dll
0x00007ffd34550000 - 0x00007ffd346e6000 	C:\Windows\System32\gdi32full.dll
0x00007ffd35fb0000 - 0x00007ffd362e5000 	C:\Windows\System32\combase.dll
0x00007ffd34480000 - 0x00007ffd3451e000 	C:\Windows\System32\msvcp_win.dll
0x00007ffd340a0000 - 0x00007ffd34120000 	C:\Windows\System32\bcryptPrimitives.dll
0x00007ffd27910000 - 0x00007ffd2791a000 	C:\Windows\SYSTEM32\VERSION.dll
0x00007ffd35ba0000 - 0x00007ffd35bce000 	C:\Windows\System32\IMM32.DLL
0x00007ffd16650000 - 0x00007ffd166eb000 	C:\Program Files\Java\jdk-14.0.2\bin\msvcp140.dll
0x00007ffce8c50000 - 0x00007ffce976e000 	C:\Program Files\Java\jdk-14.0.2\bin\server\jvm.dll
0x00007ffd36850000 - 0x00007ffd36858000 	C:\Windows\System32\PSAPI.DLL
0x00007ffd191f0000 - 0x00007ffd191f9000 	C:\Windows\SYSTEM32\WSOCK32.dll
0x00007ffd35480000 - 0x00007ffd354ef000 	C:\Windows\System32\WS2_32.dll
0x00007ffd31ff0000 - 0x00007ffd32014000 	C:\Windows\SYSTEM32\WINMM.dll
0x00007ffd31fc0000 - 0x00007ffd31fed000 	C:\Windows\SYSTEM32\winmmbase.dll
0x00007ffd34050000 - 0x00007ffd3409a000 	C:\Windows\System32\cfgmgr32.dll
0x00007ffd33f90000 - 0x00007ffd33fa1000 	C:\Windows\System32\kernel.appcore.dll
0x00007ffd30840000 - 0x00007ffd3084a000 	C:\Program Files\Java\jdk-14.0.2\bin\jimage.dll
0x00007ffd1a900000 - 0x00007ffd1aaf4000 	C:\Windows\SYSTEM32\DBGHELP.DLL
0x00007ffd1a8d0000 - 0x00007ffd1a8fa000 	C:\Windows\SYSTEM32\dbgcore.DLL
0x00007ffd257f0000 - 0x00007ffd25815000 	C:\Program Files\Java\jdk-14.0.2\bin\java.dll
0x00007ffd26690000 - 0x00007ffd266a6000 	C:\Program Files\Java\jdk-14.0.2\bin\zip.dll

dbghelp: loaded successfully - version: 4.0.5 - missing functions: none
symbol engine: initialized successfully - sym options: 0x614 - pdb path: .;C:\Program Files\Java\jdk-14.0.2\bin;C:\Windows\SYSTEM32;C:\Windows\WinSxS\amd64_microsoft.windows.common-controls_6595b64144ccf1df_6.0.18362.1139_none_9e7bf2d3e4605ac6;C:\Program Files\Java\jdk-14.0.2\bin\server

VM Arguments:
jvm_args: -Dclassworlds.conf=D:\Programme\NetBeans-12.1\netbeans\java\maven\bin\..\bin\m2.conf -Dmaven.home=D:\Programme\NetBeans-12.1\netbeans\java\maven\bin\.. -Dlibrary.jansi.path=D:\Programme\NetBeans-12.1\netbeans\java\maven\bin\..\lib\jansi-native -Dmaven.multiModuleProjectDirectory=C:\Users\Gottl\Documents\NetBeansProjects\Exa_106_Supplierplan 
java_command: org.codehaus.plexus.classworlds.launcher.Launcher -Dnetbeans.deploy=true -Dmaven.ext.class.path=D:\Programme\NetBeans-12.1\netbeans\java\maven-nblib\netbeans-eventspy.jar -Dfile.encoding=UTF-8 package
java_class_path (initial): D:\Programme\NetBeans-12.1\netbeans\java\maven\bin\..\boot\plexus-classworlds-2.6.0.jar
Launcher Type: SUN_STANDARD

[Global flags]
     intx CICompilerCount                          = 3                                         {product} {ergonomic}
     uint ConcGCThreads                            = 1                                         {product} {ergonomic}
     uint G1ConcRefinementThreads                  = 4                                         {product} {ergonomic}
   size_t G1HeapRegionSize                         = 1048576                                   {product} {ergonomic}
    uintx GCDrainStackTargetSize                   = 64                                        {product} {ergonomic}
   size_t InitialHeapSize                          = 134217728                                 {product} {ergonomic}
   size_t MarkStackSize                            = 4194304                                   {product} {ergonomic}
   size_t MaxHeapSize                              = 2120220672                                {product} {ergonomic}
   size_t MinHeapDeltaBytes                        = 1048576                                   {product} {ergonomic}
   size_t MinHeapSize                              = 8388608                                   {product} {ergonomic}
    uintx NonNMethodCodeHeapSize                   = 5832780                                {pd product} {ergonomic}
    uintx NonProfiledCodeHeapSize                  = 122912730                              {pd product} {ergonomic}
    uintx ProfiledCodeHeapSize                     = 122912730                              {pd product} {ergonomic}
    uintx ReservedCodeCacheSize                    = 251658240                              {pd product} {ergonomic}
     bool SegmentedCodeCache                       = true                                      {product} {ergonomic}
   size_t SoftMaxHeapSize                          = 2120220672                             {manageable} {ergonomic}
     bool UseCompressedClassPointers               = true                                 {lp64_product} {ergonomic}
     bool UseCompressedOops                        = true                                 {lp64_product} {ergonomic}
     bool UseG1GC                                  = true                                      {product} {ergonomic}
     bool UseLargePagesIndividualAllocation        = false                                  {pd product} {ergonomic}

Logging:
Log output configuration:
 #0: stdout all=warning uptime,level,tags
 #1: stderr all=off uptime,level,tags

Environment Variables:
JAVA_HOME=C:\Program Files\Java\jdk-14.0.2
PATH=C:\tools\ruby27\bin;C:\Python38\Scripts\;C:\Python38\;C:\Program Files (x86)\Common Files\Oracle\Java\javapath;C:\Windows\system32;C:\Windows;C:\Windows\System32\Wbem;C:\Windows\System32\WindowsPowerShell\v1.0\;C:\Windows\System32\OpenSSH\;C:\Program Files (x86)\NVIDIA Corporation\PhysX\Common;C:\Program Files\NVIDIA Corporation\NVIDIA NvDLISR;D:\Programme\putty\;C:\ProgramData\chocolatey\bin;C:\Program Files\Git\cmd;C:\Program Files\nodejs\;C:\Program Files (x86)\Yarn\bin\;D:\Programme\python\Scripts\;D:\Programme\python\;C:\Users\Gottl\AppData\Local\Microsoft\WindowsApps;D:\Programme\PyCharm Community Edition 2019.3.4\bin;C:\Users\Gottl\AppData\Local\Programs\Microsoft VS Code\bin;D:\Programme\texlive\2020\bin\win32;C:\Users\Gottl\AppData\Local\GitHubDesktop\bin;C:\Users\Gottl\AppData\Roaming\npm;C:\Users\Gottl\AppData\Local\Yarn\bin
USERNAME=Gottl
OS=Windows_NT
PROCESSOR_IDENTIFIER=Intel64 Family 6 Model 158 Stepping 9, GenuineIntel



---------------  S Y S T E M  ---------------

OS: Windows 10 , 64 bit Build 18362 (10.0.18362.1110)
OS uptime: 13 days 6:31 hours

CPU:total 4 (initial active 4) (4 cores per cpu, 1 threads per core) family 6 model 158 stepping 9, cmov, cx8, fxsr, mmx, sse, sse2, sse3, ssse3, sse4.1, sse4.2, popcnt, avx, avx2, aes, clmul, erms, 3dnowpref, lzcnt, tsc, tscinvbit, bmi1, bmi2, adx, fma

Memory: 4k page, system-wide physical 8084M (461M free)
TotalPageFile size 19347M (AvailPageFile size 122M)
current process WorkingSet (physical memory assigned to process): 10M, peak: 10M
current process commit charge ("private bytes"): 52M, peak: 180M

vm_info: Java HotSpot(TM) 64-Bit Server VM (14.0.2+12-46) for windows-amd64 JRE (14.0.2+12-46), built on Jul  9 2020 00:35:52 by "mach5one" with MS VC++ 15.9 (VS2017)

END.
